<?xml version="1.0" encoding="UTF-8"?>
<!-- Generated by org.testng.reporters.JUnitReportReporter -->
<testsuite hostname="LAPTOP-4JF1BIDK" failures="0" tests="1" name="testcasedeepak.TigerCRMContactCreatewithlastname" time="7.743" errors="0" timestamp="2024-10-29T11:28:27 IST" skipped="0">
  <testcase classname="testcasedeepak.TigerCRMContactCreatewithlastname" name="contactcreate" time="7.743">
    <system-out>
      <![CDATA[hello]]>
    </system-out>
  </testcase> <!-- contactcreate -->
  <system-out>
    <![CDATA[hello]]>
  </system-out>
</testsuite> <!-- testcasedeepak.TigerCRMContactCreatewithlastname -->
