<?xml version="1.0" encoding="UTF-8"?>
<!-- Generated by org.testng.reporters.JUnitReportReporter -->
<testsuite hostname="LAPTOP-4JF1BIDK" failures="0" tests="1" name="testcasedeepak.TigerCRMContactCreatewithlastnameTest" time="13.539" errors="0" timestamp="2024-10-29T11:35:35 IST" skipped="0">
  <testcase classname="testcasedeepak.TigerCRMContactCreatewithlastnameTest" name="contactcreateTest" time="13.539">
    <system-out>
      <![CDATA[hello]]>
    </system-out>
  </testcase> <!-- contactcreateTest -->
  <system-out>
    <![CDATA[hello]]>
  </system-out>
</testsuite> <!-- testcasedeepak.TigerCRMContactCreatewithlastnameTest -->
