<?xml version="1.0" encoding="UTF-8"?>
<!-- Generated by org.testng.reporters.JUnitReportReporter -->
<testsuite hostname="LAPTOP-4JF1BIDK" failures="0" tests="3" name="testcasedeepak.TigerCRMContactCreatewithlastname" time="21.867" errors="0" timestamp="2024-10-29T10:50:23 IST" skipped="0">
  <testcase classname="testcasedeepak.TigerCRMContactCreatewithlastname" name="TigerCRMContactCreatewithlastnamedate" time="7.989"/>
  <testcase classname="testcasedeepak.TigerCRMContactCreatewithlastname" name="TigerCRMContactCreatewithphone" time="8.167"/>
  <testcase classname="testcasedeepak.TigerCRMContactCreatewithlastname" name="contactcreate" time="5.711">
    <system-out>
      <![CDATA[hello]]>
    </system-out>
  </testcase> <!-- contactcreate -->
  <system-out>
    <![CDATA[hello]]>
  </system-out>
</testsuite> <!-- testcasedeepak.TigerCRMContactCreatewithlastname -->
